<?xml version="1.0" encoding="UTF-8"?>
<!-- Generated by org.testng.reporters.JUnitXMLReporter -->
<testsuite ignored="0" hostname="DESKTOP-NFTSNUL" failures="0" tests="11" name="Default test" time="47.48" errors="0" timestamp="06 Aug 2019 18:59:04 GMT">
  <testcase classname="QAtest.homePage" name="pageNavigation" time="5.075"/>
  <testcase classname="QAtest.homePage" name="pageNavigation" time="4.63"/>
  <testcase classname="QAtest.homePage" name="pageNavigation" time="4.195"/>
  <testcase classname="QAtest.homePage" name="pageNavigation" time="4.0"/>
  <testcase classname="QAtest.homePage" name="pageNavigation" time="4.412"/>
  <testcase classname="QAtest.homePage" name="pageNavigation" time="4.214"/>
  <testcase classname="QAtest.homePage" name="pageNavigation" time="4.179"/>
  <testcase classname="QAtest.homePage" name="pageNavigation" time="4.198"/>
  <testcase classname="QAtest.homePage" name="pageNavigation" time="4.154"/>
  <testcase classname="QAtest.homePage" name="pageNavigation" time="4.339"/>
  <testcase classname="QAtest.homePage" name="pageNavigation" time="4.023"/>
</testsuite> <!-- Default test -->
