<?xml version="1.0" encoding="UTF-8"?>
<!-- Generated by org.testng.reporters.JUnitXMLReporter -->
<testsuite ignored="0" hostname="DESKTOP-NFTSNUL" failures="0" tests="11" name="testng" time="50.473" errors="0" timestamp="01 Aug 2019 01:35:33 GMT">
  <testcase classname="QAtest.homePage" name="pageNavigation" time="5.798"/>
  <testcase classname="QAtest.homePage" name="pageNavigation" time="4.522"/>
  <testcase classname="QAtest.homePage" name="pageNavigation" time="4.403"/>
  <testcase classname="QAtest.homePage" name="pageNavigation" time="4.512"/>
  <testcase classname="QAtest.homePage" name="pageNavigation" time="4.602"/>
  <testcase classname="QAtest.homePage" name="pageNavigation" time="4.579"/>
  <testcase classname="QAtest.homePage" name="pageNavigation" time="4.168"/>
  <testcase classname="QAtest.homePage" name="pageNavigation" time="4.384"/>
  <testcase classname="QAtest.homePage" name="pageNavigation" time="4.724"/>
  <testcase classname="QAtest.homePage" name="pageNavigation" time="4.47"/>
  <testcase classname="QAtest.homePage" name="pageNavigation" time="4.209"/>
</testsuite> <!-- testng -->
