<?xml version="1.0" encoding="UTF-8"?>
<!-- Generated by org.testng.reporters.JUnitXMLReporter -->
<testsuite ignored="0" hostname="DESKTOP-NFTSNUL" failures="0" tests="11" name="Test" time="48.035" errors="0" timestamp="31 Jul 2019 23:13:27 GMT">
  <testcase classname="QAtest.homePage" name="pageNavigation" time="5.416"/>
  <testcase classname="QAtest.homePage" name="pageNavigation" time="4.468"/>
  <testcase classname="QAtest.homePage" name="pageNavigation" time="4.257"/>
  <testcase classname="QAtest.homePage" name="pageNavigation" time="4.099"/>
  <testcase classname="QAtest.homePage" name="pageNavigation" time="4.193"/>
  <testcase classname="QAtest.homePage" name="pageNavigation" time="4.135"/>
  <testcase classname="QAtest.homePage" name="pageNavigation" time="4.312"/>
  <testcase classname="QAtest.homePage" name="pageNavigation" time="4.284"/>
  <testcase classname="QAtest.homePage" name="pageNavigation" time="4.344"/>
  <testcase classname="QAtest.homePage" name="pageNavigation" time="4.25"/>
  <testcase classname="QAtest.homePage" name="pageNavigation" time="4.219"/>
</testsuite> <!-- Test -->
