<?xml version="1.0" encoding="UTF-8"?>
<testng-results ignored="0" total="11" passed="11" failed="0" skipped="0">
  <reporter-output>
  </reporter-output>
  <suite started-at="2019-08-01T01:37:11Z" name="Suite" finished-at="2019-08-01T01:38:04Z" duration-ms="53024">
    <groups>
    </groups>
    <test started-at="2019-08-01T01:37:11Z" name="testng" finished-at="2019-08-01T01:38:04Z" duration-ms="53024">
      <class name="QAtest.homePage">
        <test-method signature="pageNavigation(java.lang.String, java.lang.String, java.lang.String)[pri:0, instance:QAtest.homePage@47f4e407]" started-at="2019-08-01T01:37:11Z" name="pageNavigation" data-provider="getData" finished-at="2019-08-01T01:37:17Z" duration-ms="6262" status="PASS">
          <params>
            <param index="0">
              <value>
                <![CDATA[John]]>
              </value>
            </param>
            <param index="1">
              <value>
                <![CDATA[doe]]>
              </value>
            </param>
            <param index="2">
              <value>
                <![CDATA[jdoe@gmail.com]]>
              </value>
            </param>
          </params>
          <reporter-output>
          </reporter-output>
        </test-method> <!-- pageNavigation -->
        <test-method signature="pageNavigation(java.lang.String, java.lang.String, java.lang.String)[pri:0, instance:QAtest.homePage@47f4e407]" started-at="2019-08-01T01:37:17Z" name="pageNavigation" data-provider="getData" finished-at="2019-08-01T01:37:21Z" duration-ms="4328" status="PASS">
          <params>
            <param index="0">
              <value>
                <![CDATA[ ]]>
              </value>
            </param>
            <param index="1">
              <value>
                <![CDATA[doe]]>
              </value>
            </param>
            <param index="2">
              <value>
                <![CDATA[jdoe@gmail.com]]>
              </value>
            </param>
          </params>
          <reporter-output>
          </reporter-output>
        </test-method> <!-- pageNavigation -->
        <test-method signature="pageNavigation(java.lang.String, java.lang.String, java.lang.String)[pri:0, instance:QAtest.homePage@47f4e407]" started-at="2019-08-01T01:37:21Z" name="pageNavigation" data-provider="getData" finished-at="2019-08-01T01:37:28Z" duration-ms="6878" status="PASS">
          <params>
            <param index="0">
              <value>
                <![CDATA[John]]>
              </value>
            </param>
            <param index="1">
              <value>
                <![CDATA[]]>
              </value>
            </param>
            <param index="2">
              <value>
                <![CDATA[jdoe@gmail.com]]>
              </value>
            </param>
          </params>
          <reporter-output>
          </reporter-output>
        </test-method> <!-- pageNavigation -->
        <test-method signature="pageNavigation(java.lang.String, java.lang.String, java.lang.String)[pri:0, instance:QAtest.homePage@47f4e407]" started-at="2019-08-01T01:37:28Z" name="pageNavigation" data-provider="getData" finished-at="2019-08-01T01:37:32Z" duration-ms="4106" status="PASS">
          <params>
            <param index="0">
              <value>
                <![CDATA[John]]>
              </value>
            </param>
            <param index="1">
              <value>
                <![CDATA[doe]]>
              </value>
            </param>
            <param index="2">
              <value>
                <![CDATA[ ]]>
              </value>
            </param>
          </params>
          <reporter-output>
          </reporter-output>
        </test-method> <!-- pageNavigation -->
        <test-method signature="pageNavigation(java.lang.String, java.lang.String, java.lang.String)[pri:0, instance:QAtest.homePage@47f4e407]" started-at="2019-08-01T01:37:32Z" name="pageNavigation" data-provider="getData" finished-at="2019-08-01T01:37:36Z" duration-ms="4177" status="PASS">
          <params>
            <param index="0">
              <value>
                <![CDATA[ ]]>
              </value>
            </param>
            <param index="1">
              <value>
                <![CDATA[ ]]>
              </value>
            </param>
            <param index="2">
              <value>
                <![CDATA[jdoe@gmail.com]]>
              </value>
            </param>
          </params>
          <reporter-output>
          </reporter-output>
        </test-method> <!-- pageNavigation -->
        <test-method signature="pageNavigation(java.lang.String, java.lang.String, java.lang.String)[pri:0, instance:QAtest.homePage@47f4e407]" started-at="2019-08-01T01:37:36Z" name="pageNavigation" data-provider="getData" finished-at="2019-08-01T01:37:42Z" duration-ms="6022" status="PASS">
          <params>
            <param index="0">
              <value>
                <![CDATA[ ]]>
              </value>
            </param>
            <param index="1">
              <value>
                <![CDATA[doe]]>
              </value>
            </param>
            <param index="2">
              <value>
                <![CDATA[ ]]>
              </value>
            </param>
          </params>
          <reporter-output>
          </reporter-output>
        </test-method> <!-- pageNavigation -->
        <test-method signature="pageNavigation(java.lang.String, java.lang.String, java.lang.String)[pri:0, instance:QAtest.homePage@47f4e407]" started-at="2019-08-01T01:37:42Z" name="pageNavigation" data-provider="getData" finished-at="2019-08-01T01:37:46Z" duration-ms="4186" status="PASS">
          <params>
            <param index="0">
              <value>
                <![CDATA[John]]>
              </value>
            </param>
            <param index="1">
              <value>
                <![CDATA[ ]]>
              </value>
            </param>
            <param index="2">
              <value>
                <![CDATA[ ]]>
              </value>
            </param>
          </params>
          <reporter-output>
          </reporter-output>
        </test-method> <!-- pageNavigation -->
        <test-method signature="pageNavigation(java.lang.String, java.lang.String, java.lang.String)[pri:0, instance:QAtest.homePage@47f4e407]" started-at="2019-08-01T01:37:47Z" name="pageNavigation" data-provider="getData" finished-at="2019-08-01T01:37:51Z" duration-ms="4178" status="PASS">
          <params>
            <param index="0">
              <value>
                <![CDATA[John@123.com ]]>
              </value>
            </param>
            <param index="1">
              <value>
                <![CDATA[doe]]>
              </value>
            </param>
            <param index="2">
              <value>
                <![CDATA[jdoe@outlook.com]]>
              </value>
            </param>
          </params>
          <reporter-output>
          </reporter-output>
        </test-method> <!-- pageNavigation -->
        <test-method signature="pageNavigation(java.lang.String, java.lang.String, java.lang.String)[pri:0, instance:QAtest.homePage@47f4e407]" started-at="2019-08-01T01:37:51Z" name="pageNavigation" data-provider="getData" finished-at="2019-08-01T01:37:55Z" duration-ms="4456" status="PASS">
          <params>
            <param index="0">
              <value>
                <![CDATA[John ]]>
              </value>
            </param>
            <param index="1">
              <value>
                <![CDATA[doe##.com]]>
              </value>
            </param>
            <param index="2">
              <value>
                <![CDATA[jdoe@gmail.com]]>
              </value>
            </param>
          </params>
          <reporter-output>
          </reporter-output>
        </test-method> <!-- pageNavigation -->
        <test-method signature="pageNavigation(java.lang.String, java.lang.String, java.lang.String)[pri:0, instance:QAtest.homePage@47f4e407]" started-at="2019-08-01T01:37:55Z" name="pageNavigation" data-provider="getData" finished-at="2019-08-01T01:37:59Z" duration-ms="4295" status="PASS">
          <params>
            <param index="0">
              <value>
                <![CDATA[John@yahoo.com]]>
              </value>
            </param>
            <param index="1">
              <value>
                <![CDATA[doe]]>
              </value>
            </param>
            <param index="2">
              <value>
                <![CDATA[jdoegmail.com]]>
              </value>
            </param>
          </params>
          <reporter-output>
          </reporter-output>
        </test-method> <!-- pageNavigation -->
        <test-method signature="pageNavigation(java.lang.String, java.lang.String, java.lang.String)[pri:0, instance:QAtest.homePage@47f4e407]" started-at="2019-08-01T01:37:59Z" name="pageNavigation" data-provider="getData" finished-at="2019-08-01T01:38:04Z" duration-ms="4106" status="PASS">
          <params>
            <param index="0">
              <value>
                <![CDATA[ ]]>
              </value>
            </param>
            <param index="1">
              <value>
                <![CDATA[ ]]>
              </value>
            </param>
            <param index="2">
              <value>
                <![CDATA[ ]]>
              </value>
            </param>
          </params>
          <reporter-output>
          </reporter-output>
        </test-method> <!-- pageNavigation -->
      </class> <!-- QAtest.homePage -->
    </test> <!-- testng -->
  </suite> <!-- Suite -->
</testng-results>
