<?xml version="1.0" encoding="UTF-8"?>
<testng-results ignored="0" total="11" passed="11" failed="0" skipped="0">
  <reporter-output>
  </reporter-output>
  <suite started-at="2019-08-06T18:58:16Z" name="Default suite" finished-at="2019-08-06T18:59:04Z" duration-ms="47480">
    <groups>
    </groups>
    <test started-at="2019-08-06T18:58:16Z" name="Default test" finished-at="2019-08-06T18:59:04Z" duration-ms="47480">
      <class name="QAtest.homePage">
        <test-method signature="pageNavigation(java.lang.String, java.lang.String, java.lang.String)[pri:0, instance:QAtest.homePage@3b7d3a38]" started-at="2019-08-06T18:58:16Z" name="pageNavigation" data-provider="getData" finished-at="2019-08-06T18:58:21Z" duration-ms="5075" status="PASS">
          <params>
            <param index="0">
              <value>
                <![CDATA[John]]>
              </value>
            </param>
            <param index="1">
              <value>
                <![CDATA[doe]]>
              </value>
            </param>
            <param index="2">
              <value>
                <![CDATA[jdoe@gmail.com]]>
              </value>
            </param>
          </params>
          <reporter-output>
          </reporter-output>
        </test-method> <!-- pageNavigation -->
        <test-method signature="pageNavigation(java.lang.String, java.lang.String, java.lang.String)[pri:0, instance:QAtest.homePage@3b7d3a38]" started-at="2019-08-06T18:58:21Z" name="pageNavigation" data-provider="getData" finished-at="2019-08-06T18:58:26Z" duration-ms="4630" status="PASS">
          <params>
            <param index="0">
              <value>
                <![CDATA[ ]]>
              </value>
            </param>
            <param index="1">
              <value>
                <![CDATA[doe]]>
              </value>
            </param>
            <param index="2">
              <value>
                <![CDATA[jdoe@gmail.com]]>
              </value>
            </param>
          </params>
          <reporter-output>
          </reporter-output>
        </test-method> <!-- pageNavigation -->
        <test-method signature="pageNavigation(java.lang.String, java.lang.String, java.lang.String)[pri:0, instance:QAtest.homePage@3b7d3a38]" started-at="2019-08-06T18:58:26Z" name="pageNavigation" data-provider="getData" finished-at="2019-08-06T18:58:30Z" duration-ms="4195" status="PASS">
          <params>
            <param index="0">
              <value>
                <![CDATA[John]]>
              </value>
            </param>
            <param index="1">
              <value>
                <![CDATA[]]>
              </value>
            </param>
            <param index="2">
              <value>
                <![CDATA[jdoe@gmail.com]]>
              </value>
            </param>
          </params>
          <reporter-output>
          </reporter-output>
        </test-method> <!-- pageNavigation -->
        <test-method signature="pageNavigation(java.lang.String, java.lang.String, java.lang.String)[pri:0, instance:QAtest.homePage@3b7d3a38]" started-at="2019-08-06T18:58:30Z" name="pageNavigation" data-provider="getData" finished-at="2019-08-06T18:58:34Z" duration-ms="4000" status="PASS">
          <params>
            <param index="0">
              <value>
                <![CDATA[John]]>
              </value>
            </param>
            <param index="1">
              <value>
                <![CDATA[doe]]>
              </value>
            </param>
            <param index="2">
              <value>
                <![CDATA[ ]]>
              </value>
            </param>
          </params>
          <reporter-output>
          </reporter-output>
        </test-method> <!-- pageNavigation -->
        <test-method signature="pageNavigation(java.lang.String, java.lang.String, java.lang.String)[pri:0, instance:QAtest.homePage@3b7d3a38]" started-at="2019-08-06T18:58:34Z" name="pageNavigation" data-provider="getData" finished-at="2019-08-06T18:58:38Z" duration-ms="4412" status="PASS">
          <params>
            <param index="0">
              <value>
                <![CDATA[ ]]>
              </value>
            </param>
            <param index="1">
              <value>
                <![CDATA[ ]]>
              </value>
            </param>
            <param index="2">
              <value>
                <![CDATA[jdoe@gmail.com]]>
              </value>
            </param>
          </params>
          <reporter-output>
          </reporter-output>
        </test-method> <!-- pageNavigation -->
        <test-method signature="pageNavigation(java.lang.String, java.lang.String, java.lang.String)[pri:0, instance:QAtest.homePage@3b7d3a38]" started-at="2019-08-06T18:58:38Z" name="pageNavigation" data-provider="getData" finished-at="2019-08-06T18:58:43Z" duration-ms="4214" status="PASS">
          <params>
            <param index="0">
              <value>
                <![CDATA[ ]]>
              </value>
            </param>
            <param index="1">
              <value>
                <![CDATA[doe]]>
              </value>
            </param>
            <param index="2">
              <value>
                <![CDATA[ ]]>
              </value>
            </param>
          </params>
          <reporter-output>
          </reporter-output>
        </test-method> <!-- pageNavigation -->
        <test-method signature="pageNavigation(java.lang.String, java.lang.String, java.lang.String)[pri:0, instance:QAtest.homePage@3b7d3a38]" started-at="2019-08-06T18:58:43Z" name="pageNavigation" data-provider="getData" finished-at="2019-08-06T18:58:47Z" duration-ms="4179" status="PASS">
          <params>
            <param index="0">
              <value>
                <![CDATA[John]]>
              </value>
            </param>
            <param index="1">
              <value>
                <![CDATA[ ]]>
              </value>
            </param>
            <param index="2">
              <value>
                <![CDATA[ ]]>
              </value>
            </param>
          </params>
          <reporter-output>
          </reporter-output>
        </test-method> <!-- pageNavigation -->
        <test-method signature="pageNavigation(java.lang.String, java.lang.String, java.lang.String)[pri:0, instance:QAtest.homePage@3b7d3a38]" started-at="2019-08-06T18:58:47Z" name="pageNavigation" data-provider="getData" finished-at="2019-08-06T18:58:51Z" duration-ms="4198" status="PASS">
          <params>
            <param index="0">
              <value>
                <![CDATA[John@123.com ]]>
              </value>
            </param>
            <param index="1">
              <value>
                <![CDATA[doe]]>
              </value>
            </param>
            <param index="2">
              <value>
                <![CDATA[jdoe@outlook.com]]>
              </value>
            </param>
          </params>
          <reporter-output>
          </reporter-output>
        </test-method> <!-- pageNavigation -->
        <test-method signature="pageNavigation(java.lang.String, java.lang.String, java.lang.String)[pri:0, instance:QAtest.homePage@3b7d3a38]" started-at="2019-08-06T18:58:51Z" name="pageNavigation" data-provider="getData" finished-at="2019-08-06T18:58:55Z" duration-ms="4154" status="PASS">
          <params>
            <param index="0">
              <value>
                <![CDATA[John ]]>
              </value>
            </param>
            <param index="1">
              <value>
                <![CDATA[doe##.com]]>
              </value>
            </param>
            <param index="2">
              <value>
                <![CDATA[jdoe@gmail.com]]>
              </value>
            </param>
          </params>
          <reporter-output>
          </reporter-output>
        </test-method> <!-- pageNavigation -->
        <test-method signature="pageNavigation(java.lang.String, java.lang.String, java.lang.String)[pri:0, instance:QAtest.homePage@3b7d3a38]" started-at="2019-08-06T18:58:55Z" name="pageNavigation" data-provider="getData" finished-at="2019-08-06T18:59:00Z" duration-ms="4339" status="PASS">
          <params>
            <param index="0">
              <value>
                <![CDATA[John@yahoo.com]]>
              </value>
            </param>
            <param index="1">
              <value>
                <![CDATA[doe]]>
              </value>
            </param>
            <param index="2">
              <value>
                <![CDATA[jdoegmail.com]]>
              </value>
            </param>
          </params>
          <reporter-output>
          </reporter-output>
        </test-method> <!-- pageNavigation -->
        <test-method signature="pageNavigation(java.lang.String, java.lang.String, java.lang.String)[pri:0, instance:QAtest.homePage@3b7d3a38]" started-at="2019-08-06T18:59:00Z" name="pageNavigation" data-provider="getData" finished-at="2019-08-06T18:59:04Z" duration-ms="4023" status="PASS">
          <params>
            <param index="0">
              <value>
                <![CDATA[ ]]>
              </value>
            </param>
            <param index="1">
              <value>
                <![CDATA[ ]]>
              </value>
            </param>
            <param index="2">
              <value>
                <![CDATA[ ]]>
              </value>
            </param>
          </params>
          <reporter-output>
          </reporter-output>
        </test-method> <!-- pageNavigation -->
      </class> <!-- QAtest.homePage -->
    </test> <!-- Default test -->
  </suite> <!-- Default suite -->
</testng-results>
